This is pdfTeX, Version 3.141592653-2.6-1.40.23 (TeX Live 2022/dev) (preloaded format=pdflatex 2021.9.16)  30 SEP 2021 20:40
entering extended mode
 restricted \write18 enabled.
 %&-line parsing enabled.
**CBB.tex
(./CBB.tex
LaTeX2e <2021-06-01> patch level 1
L3 programming layer <2021-08-27> (./svjour3.cls
Document Class: svjour3 2007/05/08 v3.2 
LaTeX document class for Springer journals
Class Springer-SVJour3 Info: extra/valid Springer sub-package (-> *.clo) 
(Springer-SVJour3)           not found in option list of \documentclass
(Springer-SVJour3)           - autoactivating "global" style.
(./svglov3.clo
File: svglov3.clo 2009/12/18 v3.2 style option for standardised journals
SVJour Class option: svglov3.clo for standardised journals
)
LaTeX Font Info:    Redeclaring math symbol \Gamma on input line 147.
LaTeX Font Info:    Redeclaring math symbol \Delta on input line 148.
LaTeX Font Info:    Redeclaring math symbol \Theta on input line 149.
LaTeX Font Info:    Redeclaring math symbol \Lambda on input line 150.
LaTeX Font Info:    Redeclaring math symbol \Xi on input line 151.
LaTeX Font Info:    Redeclaring math symbol \Pi on input line 152.
LaTeX Font Info:    Redeclaring math symbol \Sigma on input line 153.
LaTeX Font Info:    Redeclaring math symbol \Upsilon on input line 154.
LaTeX Font Info:    Redeclaring math symbol \Phi on input line 155.
LaTeX Font Info:    Redeclaring math symbol \Psi on input line 156.
LaTeX Font Info:    Redeclaring math symbol \Omega on input line 157.
\logodepth=\dimen138
\headerboxheight=\dimen139
\betweenumberspace=\dimen140
\aftertext=\dimen141
\headlineindent=\dimen142
\c@inst=\count182
\c@auth=\count183
\instindent=\dimen143
\authrun=\box50
\authorrunning=\toks16
\titrun=\box51
\titlerunning=\toks17
\combirun=\box52
\c@lastpage=\count184
\rubricwidth=\dimen144
\c@section=\count185
\c@subsection=\count186
\c@subsubsection=\count187
\c@paragraph=\count188
\c@subparagraph=\count189
\spthmsep=\dimen145
\c@theorem=\count190
\c@case=\count191
\c@conjecture=\count192
\c@corollary=\count193
\c@definition=\count194
\c@example=\count195
\c@exercise=\count196
\c@lemma=\count197
\c@note=\count198
\c@problem=\count199
\c@property=\count266
\c@proposition=\count267
\c@question=\count268
\c@solution=\count269
\c@remark=\count270
\c@figure=\count271
\c@table=\count272
\abovecaptionskip=\skip47
\belowcaptionskip=\skip48
\figcapgap=\dimen146
\tabcapgap=\dimen147
\figgap=\dimen148
\bibindent=\dimen149
\@tempcntc=\count273
) (/Users/mbp17/Library/TinyTeX/texmf-dist/tex/latex/amsmath/amsmath.sty
Package: amsmath 2021/04/20 v2.17j AMS math features
\@mathmargin=\skip49
For additional information on amsmath, use the `?' option.
(/Users/mbp17/Library/TinyTeX/texmf-dist/tex/latex/amsmath/amstext.sty
Package: amstext 2000/06/29 v2.01 AMS text
(/Users/mbp17/Library/TinyTeX/texmf-dist/tex/latex/amsmath/amsgen.sty
File: amsgen.sty 1999/11/30 v2.0 generic functions
\@emptytoks=\toks18
\ex@=\dimen150
)) (/Users/mbp17/Library/TinyTeX/texmf-dist/tex/latex/amsmath/amsbsy.sty
Package: amsbsy 1999/11/29 v1.2d Bold Symbols
\pmbraise@=\dimen151
) (/Users/mbp17/Library/TinyTeX/texmf-dist/tex/latex/amsmath/amsopn.sty
Package: amsopn 2016/03/08 v2.02 operator names
)
\inf@bad=\count274
LaTeX Info: Redefining \frac on input line 234.
\uproot@=\count275
\leftroot@=\count276
LaTeX Info: Redefining \overline on input line 399.
\classnum@=\count277
\DOTSCASE@=\count278
LaTeX Info: Redefining \ldots on input line 496.
LaTeX Info: Redefining \dots on input line 499.
LaTeX Info: Redefining \cdots on input line 620.
\Mathstrutbox@=\box53
\strutbox@=\box54
\big@size=\dimen152
LaTeX Font Info:    Redeclaring font encoding OML on input line 743.
LaTeX Font Info:    Redeclaring font encoding OMS on input line 744.
\macc@depth=\count279
\c@MaxMatrixCols=\count280
\dotsspace@=\muskip16
\c@parentequation=\count281
\dspbrk@lvl=\count282
\tag@help=\toks19
\row@=\count283
\column@=\count284
\maxfields@=\count285
\andhelp@=\toks20
\eqnshift@=\dimen153
\alignsep@=\dimen154
\tagshift@=\dimen155
\tagwidth@=\dimen156
\totwidth@=\dimen157
\lineht@=\dimen158
\@envbody=\toks21
\multlinegap=\skip50
\multlinetaggap=\skip51
\mathdisplay@stack=\toks22
LaTeX Info: Redefining \[ on input line 2923.
LaTeX Info: Redefining \] on input line 2924.
) (/Users/mbp17/Library/TinyTeX/texmf-dist/tex/latex/graphics/graphicx.sty
Package: graphicx 2020/12/05 v1.2c Enhanced LaTeX Graphics (DPC,SPQR)
(/Users/mbp17/Library/TinyTeX/texmf-dist/tex/latex/graphics/keyval.sty
Package: keyval 2014/10/28 v1.15 key=value parser (DPC)
\KV@toks@=\toks23
) (/Users/mbp17/Library/TinyTeX/texmf-dist/tex/latex/graphics/graphics.sty
Package: graphics 2021/03/04 v1.4d Standard LaTeX Graphics (DPC,SPQR)
(/Users/mbp17/Library/TinyTeX/texmf-dist/tex/latex/graphics/trig.sty
Package: trig 2016/01/03 v1.10 sin cos tan (DPC)
) (/Users/mbp17/Library/TinyTeX/texmf-dist/tex/latex/graphics-cfg/graphics.cfg
File: graphics.cfg 2016/06/04 v1.11 sample graphics configuration
)
Package graphics Info: Driver file: pdftex.def on input line 107.
(/Users/mbp17/Library/TinyTeX/texmf-dist/tex/latex/graphics-def/pdftex.def
File: pdftex.def 2020/10/05 v1.2a Graphics/color driver for pdftex
))
\Gin@req@height=\dimen159
\Gin@req@width=\dimen160
) (/Users/mbp17/Library/TinyTeX/texmf-dist/tex/latex/base/inputenc.sty
Package: inputenc 2021/02/14 v1.3d Input encoding file
\inpenc@prehook=\toks24
\inpenc@posthook=\toks25
) (/Users/mbp17/Library/TinyTeX/texmf-dist/tex/latex/url/url.sty
\Urlmuskip=\muskip17
Package: url 2013/09/16  ver 3.4  Verb mode for urls, etc.
) (/Users/mbp17/Library/TinyTeX/texmf-dist/tex/latex/hyperref/hyperref.sty
Package: hyperref 2021-06-07 v7.00m Hypertext links for LaTeX
(/Users/mbp17/Library/TinyTeX/texmf-dist/tex/generic/ltxcmds/ltxcmds.sty
Package: ltxcmds 2020-05-10 v1.25 LaTeX kernel commands for general use (HO)
) (/Users/mbp17/Library/TinyTeX/texmf-dist/tex/generic/iftex/iftex.sty
Package: iftex 2020/03/06 v1.0d TeX engine tests
) (/Users/mbp17/Library/TinyTeX/texmf-dist/tex/generic/pdftexcmds/pdftexcmds.st
y
Package: pdftexcmds 2020-06-27 v0.33 Utility functions of pdfTeX for LuaTeX (HO
)
(/Users/mbp17/Library/TinyTeX/texmf-dist/tex/generic/infwarerr/infwarerr.sty
Package: infwarerr 2019/12/03 v1.5 Providing info/warning/error messages (HO)
)
Package pdftexcmds Info: \pdf@primitive is available.
Package pdftexcmds Info: \pdf@ifprimitive is available.
Package pdftexcmds Info: \pdfdraftmode found.
) (/Users/mbp17/Library/TinyTeX/texmf-dist/tex/generic/kvsetkeys/kvsetkeys.sty
Package: kvsetkeys 2019/12/15 v1.18 Key value parser (HO)
)
(/Users/mbp17/Library/TinyTeX/texmf-dist/tex/generic/kvdefinekeys/kvdefinekeys.
sty
Package: kvdefinekeys 2019-12-19 v1.6 Define keys (HO)
) (/Users/mbp17/Library/TinyTeX/texmf-dist/tex/generic/pdfescape/pdfescape.sty
Package: pdfescape 2019/12/09 v1.15 Implements pdfTeX's escape features (HO)
) (/Users/mbp17/Library/TinyTeX/texmf-dist/tex/latex/hycolor/hycolor.sty
Package: hycolor 2020-01-27 v1.10 Color options for hyperref/bookmark (HO)
) (/Users/mbp17/Library/TinyTeX/texmf-dist/tex/latex/letltxmacro/letltxmacro.st
y
Package: letltxmacro 2019/12/03 v1.6 Let assignment for LaTeX macros (HO)
) (/Users/mbp17/Library/TinyTeX/texmf-dist/tex/latex/auxhook/auxhook.sty
Package: auxhook 2019-12-17 v1.6 Hooks for auxiliary files (HO)
) (/Users/mbp17/Library/TinyTeX/texmf-dist/tex/latex/kvoptions/kvoptions.sty
Package: kvoptions 2020-10-07 v3.14 Key value format for package options (HO)
)
\@linkdim=\dimen161
\Hy@linkcounter=\count286
\Hy@pagecounter=\count287
(/Users/mbp17/Library/TinyTeX/texmf-dist/tex/latex/hyperref/pd1enc.def
File: pd1enc.def 2021-06-07 v7.00m Hyperref: PDFDocEncoding definition (HO)
Now handling font encoding PD1 ...
... no UTF-8 mapping file for font encoding PD1
)
(/Users/mbp17/Library/TinyTeX/texmf-dist/tex/latex/hyperref/hyperref-langpatche
s.def
File: hyperref-langpatches.def 2021-06-07 v7.00m Hyperref: patches for babel la
nguages
) (/Users/mbp17/Library/TinyTeX/texmf-dist/tex/generic/intcalc/intcalc.sty
Package: intcalc 2019/12/15 v1.3 Expandable calculations with integers (HO)
) (/Users/mbp17/Library/TinyTeX/texmf-dist/tex/generic/etexcmds/etexcmds.sty
Package: etexcmds 2019/12/15 v1.7 Avoid name clashes with e-TeX commands (HO)
)
\Hy@SavedSpaceFactor=\count288
(/Users/mbp17/Library/TinyTeX/texmf-dist/tex/latex/hyperref/puenc.def
File: puenc.def 2021-06-07 v7.00m Hyperref: PDF Unicode definition (HO)
Now handling font encoding PU ...
... no UTF-8 mapping file for font encoding PU
)
Package hyperref Info: Hyper figures OFF on input line 4192.
Package hyperref Info: Link nesting OFF on input line 4197.
Package hyperref Info: Hyper index ON on input line 4200.
Package hyperref Info: Plain pages OFF on input line 4207.
Package hyperref Info: Backreferencing OFF on input line 4212.
Package hyperref Info: Implicit mode ON; LaTeX internals redefined.
Package hyperref Info: Bookmarks ON on input line 4445.
\c@Hy@tempcnt=\count289
LaTeX Info: Redefining \url on input line 4804.
\XeTeXLinkMargin=\dimen162
(/Users/mbp17/Library/TinyTeX/texmf-dist/tex/generic/bitset/bitset.sty
Package: bitset 2019/12/09 v1.3 Handle bit-vector datatype (HO)
(/Users/mbp17/Library/TinyTeX/texmf-dist/tex/generic/bigintcalc/bigintcalc.sty
Package: bigintcalc 2019/12/15 v1.5 Expandable calculations on big integers (HO
)
))
\Fld@menulength=\count290
\Field@Width=\dimen163
\Fld@charsize=\dimen164
Package hyperref Info: Hyper figures OFF on input line 6076.
Package hyperref Info: Link nesting OFF on input line 6081.
Package hyperref Info: Hyper index ON on input line 6084.
Package hyperref Info: backreferencing OFF on input line 6091.
Package hyperref Info: Link coloring OFF on input line 6096.
Package hyperref Info: Link coloring with OCG OFF on input line 6101.
Package hyperref Info: PDF/A mode OFF on input line 6106.
LaTeX Info: Redefining \ref on input line 6146.
LaTeX Info: Redefining \pageref on input line 6150.
(/Users/mbp17/Library/TinyTeX/texmf-dist/tex/latex/base/atbegshi-ltx.sty
Package: atbegshi-ltx 2021/01/10 v1.0c Emulation of the original atbegshi
package with kernel methods
)
\Hy@abspage=\count291
\c@Item=\count292
\c@Hfootnote=\count293
)
Package hyperref Info: Driver (autodetected): hpdftex.
(/Users/mbp17/Library/TinyTeX/texmf-dist/tex/latex/hyperref/hpdftex.def
File: hpdftex.def 2021-06-07 v7.00m Hyperref driver for pdfTeX
(/Users/mbp17/Library/TinyTeX/texmf-dist/tex/latex/base/atveryend-ltx.sty
Package: atveryend-ltx 2020/08/19 v1.0a Emulation of the original atvery packag
e
with kernel methods
)
\Fld@listcount=\count294
\c@bookmark@seq@number=\count295

(/Users/mbp17/Library/TinyTeX/texmf-dist/tex/latex/rerunfilecheck/rerunfilechec
k.sty
Package: rerunfilecheck 2019/12/05 v1.9 Rerun checks for auxiliary files (HO)

(/Users/mbp17/Library/TinyTeX/texmf-dist/tex/generic/uniquecounter/uniquecounte
r.sty
Package: uniquecounter 2019/12/15 v1.4 Provide unlimited unique counter (HO)
)
Package uniquecounter Info: New unique counter `rerunfilecheck' on input line 2
86.
)
\Hy@SectionHShift=\skip52
) (/Users/mbp17/Library/TinyTeX/texmf-dist/tex/latex/booktabs/booktabs.sty
Package: booktabs 2020/01/12 v1.61803398 Publication quality tables
\heavyrulewidth=\dimen165
\lightrulewidth=\dimen166
\cmidrulewidth=\dimen167
\belowrulesep=\dimen168
\belowbottomsep=\dimen169
\aboverulesep=\dimen170
\abovetopsep=\dimen171
\cmidrulesep=\dimen172
\cmidrulekern=\dimen173
\defaultaddspace=\dimen174
\@cmidla=\count296
\@cmidlb=\count297
\@aboverulesep=\dimen175
\@belowrulesep=\dimen176
\@thisruleclass=\count298
\@lastruleclass=\count299
\@thisrulewidth=\dimen177
) (/Users/mbp17/Library/TinyTeX/texmf-dist/tex/latex/tools/longtable.sty
Package: longtable 2021-05-07 v4.16 Multi-page Table package (DPC)
\LTleft=\skip53
\LTright=\skip54
\LTpre=\skip55
\LTpost=\skip56
\LTchunksize=\count300
\LTcapwidth=\dimen178
\LT@head=\box55
\LT@firsthead=\box56
\LT@foot=\box57
\LT@lastfoot=\box58
\LT@gbox=\box59
\LT@cols=\count301
\LT@rows=\count302
\c@LT@tables=\count303
\c@LT@chunks=\count304
\LT@p@ftn=\toks26
) (/Users/mbp17/Library/TinyTeX/texmf-dist/tex/latex/tools/array.sty
Package: array 2021/04/20 v2.5e Tabular extension package (FMi)
\col@sep=\dimen179
\ar@mcellbox=\box60
\extrarowheight=\dimen180
\NC@list=\toks27
\extratabsurround=\skip57
\backup@length=\skip58
\ar@cellbox=\box61
) (/Users/mbp17/Library/TinyTeX/texmf-dist/tex/latex/multirow/multirow.sty
Package: multirow 2021/03/15 v2.8 Span multiple rows of a table
\multirow@colwidth=\skip59
\multirow@cntb=\count305
\multirow@dima=\skip60
\bigstrutjot=\dimen181
) (/Users/mbp17/Library/TinyTeX/texmf-dist/tex/latex/wrapfig/wrapfig.sty
\wrapoverhang=\dimen182
\WF@size=\dimen183
\c@WF@wrappedlines=\count306
\WF@box=\box62
\WF@everypar=\toks28
Package: wrapfig 2003/01/31  v 3.6
) (/Users/mbp17/Library/TinyTeX/texmf-dist/tex/latex/float/float.sty
Package: float 2001/11/08 v1.3d Float enhancements (AL)
\c@float@type=\count307
\float@exts=\toks29
\float@box=\box63
\@float@everytoks=\toks30
\@floatcapt=\box64
) (/Users/mbp17/Library/TinyTeX/texmf-dist/tex/latex/colortbl/colortbl.sty
Package: colortbl 2020/01/04 v1.0e Color table columns (DPC)
(/Users/mbp17/Library/TinyTeX/texmf-dist/tex/latex/graphics/color.sty
Package: color 2020/02/24 v1.2b Standard LaTeX Color (DPC)
(/Users/mbp17/Library/TinyTeX/texmf-dist/tex/latex/graphics-cfg/color.cfg
File: color.cfg 2016/01/02 v1.6 sample color configuration
)
Package color Info: Driver file: pdftex.def on input line 149.
)
\everycr=\toks31
\minrowclearance=\skip61
) (/Users/mbp17/Library/TinyTeX/texmf-dist/tex/latex/pdflscape/pdflscape.sty
Package: pdflscape 2019/12/05 v0.12 Display of landscape pages in PDF (HO)
(/Users/mbp17/Library/TinyTeX/texmf-dist/tex/latex/graphics/lscape.sty
Package: lscape 2020/05/28 v3.02 Landscape Pages (DPC)
)
Package pdflscape Info: Auto-detected driver: pdftex on input line 81.
) (/Users/mbp17/Library/TinyTeX/texmf-dist/tex/latex/tabu/tabu.sty
Package: tabu 2019/01/11 v2.9 - flexible LaTeX tabulars (FC+tabu-fixed)
(/Users/mbp17/Library/TinyTeX/texmf-dist/tex/latex/varwidth/varwidth.sty
Package: varwidth 2009/03/30 ver 0.92;  Variable-width minipages
\@vwid@box=\box65
\sift@deathcycles=\count308
\@vwid@loff=\dimen184
\@vwid@roff=\dimen185
)
\c@taburow=\count309
\tabu@nbcols=\count310
\tabu@cnt=\count311
\tabu@Xcol=\count312
\tabu@alloc=\count313
\tabu@nested=\count314
\tabu@target=\dimen186
\tabu@spreadtarget=\dimen187
\tabu@naturalX=\dimen188
\tabucolX=\dimen189
\tabu@Xsum=\dimen190
\extrarowdepth=\dimen191
\abovetabulinesep=\dimen192
\belowtabulinesep=\dimen193
\tabustrutrule=\dimen194
\tabu@thebody=\toks32
\tabu@footnotes=\toks33
\tabu@box=\box66
\tabu@arstrutbox=\box67
\tabu@hleads=\box68
\tabu@vleads=\box69
\tabu@cellskip=\skip62
)
(/Users/mbp17/Library/TinyTeX/texmf-dist/tex/latex/threeparttable/threeparttabl
e.sty
Package: threeparttable 2003/06/13  v 3.0
\@tempboxb=\box70
)
(/Users/mbp17/Library/TinyTeX/texmf-dist/tex/latex/threeparttablex/threeparttab
lex.sty
Package: threeparttablex 2013/07/23 v0.3 by daleif
(/Users/mbp17/Library/TinyTeX/texmf-dist/tex/latex/environ/environ.sty
Package: environ 2014/05/04 v0.3 A new way to define environments
(/Users/mbp17/Library/TinyTeX/texmf-dist/tex/latex/trimspaces/trimspaces.sty
Package: trimspaces 2009/09/17 v1.1 Trim spaces around a token list
))
\TPTL@width=\skip63
) (/Users/mbp17/Library/TinyTeX/texmf-dist/tex/generic/ulem/ulem.sty
\UL@box=\box71
\UL@hyphenbox=\box72
\UL@skip=\skip64
\UL@hook=\toks34
\UL@height=\dimen195
\UL@pe=\count315
\UL@pixel=\dimen196
\ULC@box=\box73
Package: ulem 2019/11/18
\ULdepth=\dimen197
) (/Users/mbp17/Library/TinyTeX/texmf-dist/tex/latex/makecell/makecell.sty
Package: makecell 2009/08/03 V0.1e Managing of Tab Column Heads and Cells
\rotheadsize=\dimen198
\c@nlinenum=\count316
\TeXr@lab=\toks35
) (/Users/mbp17/Library/TinyTeX/texmf-dist/tex/latex/xcolor/xcolor.sty
Package: xcolor 2016/05/11 v2.12 LaTeX color extensions (UK)
(/Users/mbp17/Library/TinyTeX/texmf-dist/tex/latex/graphics-cfg/color.cfg
File: color.cfg 2016/01/02 v1.6 sample color configuration
)
Package xcolor Info: Driver file: pdftex.def on input line 225.
LaTeX Info: Redefining \color on input line 709.
Package xcolor Info: Model `cmy' substituted by `cmy0' on input line 1348.
Package xcolor Info: Model `hsb' substituted by `rgb' on input line 1352.
Package xcolor Info: Model `RGB' extended on input line 1364.
Package xcolor Info: Model `HTML' substituted by `rgb' on input line 1366.
Package xcolor Info: Model `Hsb' substituted by `hsb' on input line 1367.
Package xcolor Info: Model `tHsb' substituted by `hsb' on input line 1368.
Package xcolor Info: Model `HSB' substituted by `hsb' on input line 1369.
Package xcolor Info: Model `Gray' substituted by `gray' on input line 1370.
Package xcolor Info: Model `wave' substituted by `hsb' on input line 1371.
)
(/Users/mbp17/Library/TinyTeX/texmf-dist/tex/latex/l3backend/l3backend-pdftex.d
ef
File: l3backend-pdftex.def 2021-08-04 L3 backend support: PDF output (pdfTeX)
\l__color_backend_stack_int=\count317
\l__pdf_internal_box=\box74
) (./CBB.aux

LaTeX Warning: Label `fig:exp2-score-by-opp' multiply defined.


LaTeX Warning: Label `ref:figure4-caption' multiply defined.

)
\openout1 = `CBB.aux'.

LaTeX Font Info:    Checking defaults for OML/cmm/m/it on input line 51.
LaTeX Font Info:    ... okay on input line 51.
LaTeX Font Info:    Checking defaults for OMS/cmsy/m/n on input line 51.
LaTeX Font Info:    ... okay on input line 51.
LaTeX Font Info:    Checking defaults for OT1/cmr/m/n on input line 51.
LaTeX Font Info:    ... okay on input line 51.
LaTeX Font Info:    Checking defaults for T1/cmr/m/n on input line 51.
LaTeX Font Info:    ... okay on input line 51.
LaTeX Font Info:    Checking defaults for TS1/cmr/m/n on input line 51.
LaTeX Font Info:    ... okay on input line 51.
LaTeX Font Info:    Checking defaults for OMX/cmex/m/n on input line 51.
LaTeX Font Info:    ... okay on input line 51.
LaTeX Font Info:    Checking defaults for U/cmr/m/n on input line 51.
LaTeX Font Info:    ... okay on input line 51.
LaTeX Font Info:    Checking defaults for PD1/pdf/m/n on input line 51.
LaTeX Font Info:    ... okay on input line 51.
LaTeX Font Info:    Checking defaults for PU/pdf/m/n on input line 51.
LaTeX Font Info:    ... okay on input line 51.
Unknown journal: specify \journalname{<name of your journal>} in preambel


(/Users/mbp17/Library/TinyTeX/texmf-dist/tex/latex/epstopdf-pkg/epstopdf-base.s
ty
Package: epstopdf-base 2020-01-24 v2.11 Base part for package epstopdf
Package epstopdf-base Info: Redefining graphics rule for `.eps' on input line 4
85.

(/Users/mbp17/Library/TinyTeX/texmf-dist/tex/latex/latexconfig/epstopdf-sys.cfg
File: epstopdf-sys.cfg 2010/07/13 v1.3 Configuration of (r)epstopdf for TeX Liv
e
))
Package hyperref Info: Link coloring OFF on input line 51.
(/Users/mbp17/Library/TinyTeX/texmf-dist/tex/latex/hyperref/nameref.sty
Package: nameref 2021-04-02 v2.47 Cross-referencing by name of section
(/Users/mbp17/Library/TinyTeX/texmf-dist/tex/latex/refcount/refcount.sty
Package: refcount 2019/12/15 v3.6 Data extraction from label references (HO)
)
(/Users/mbp17/Library/TinyTeX/texmf-dist/tex/generic/gettitlestring/gettitlestr
ing.sty
Package: gettitlestring 2019/12/15 v1.6 Cleanup title references (HO)
)
\c@section@level=\count318
)
LaTeX Info: Redefining \ref on input line 51.
LaTeX Info: Redefining \pageref on input line 51.
LaTeX Info: Redefining \nameref on input line 51.
(./CBB.out) (./CBB.out)
\@outlinefile=\write3
\openout3 = `CBB.out'.

SVJour3 warning: Missing \journalname

LaTeX Font Warning: Font shape `OT1/cmr/bx/n' in size <13> not available
(Font)              size <12> substituted on input line 82.


Underfull \hbox (badness 10000) in paragraph at lines 84--108

 []

[1{/Users/mbp17/Library/TinyTeX/texmf-var/fonts/map/pdftex/updmap/pdftex.map}] 
[2] [3] [4] [5pdfTeX warning (ext4): destination with the same identifier (name
{table.1}) has been already used, duplicate ignored
<argument> ...shipout:D \box_use:N \l_shipout_box 
                                                  \__shipout_drop_firstpage_...
l.350 
      ]
<../Report/images/feedback_rps.png, id=80, 452.4102pt x 263.5446pt>
File: ../Report/images/feedback_rps.png Graphic file (type png)
<use ../Report/images/feedback_rps.png>
Package pdftex.def Info: ../Report/images/feedback_rps.png  used on input line 
353.
(pdftex.def)             Requested size: 338.0pt x 196.89792pt.
<CBB_files/figure-latex/exp1-avg-scores-game-1.pdf, id=82, 578.16pt x 289.08pt>

File: CBB_files/figure-latex/exp1-avg-scores-game-1.pdf Graphic file (type pdf)

<use CBB_files/figure-latex/exp1-avg-scores-game-1.pdf>
Package pdftex.def Info: CBB_files/figure-latex/exp1-avg-scores-game-1.pdf  use
d on input line 362.
(pdftex.def)             Requested size: 338.0pt x 168.99863pt.
[6pdfTeX warning (ext4): destination with the same identifier (name{figure.1}) 
has been already used, duplicate ignored
<argument> ...shipout:D \box_use:N \l_shipout_box 
                                                  \__shipout_drop_firstpage_...
l.412 
       <../Report/images/feedback_rps.png>] [7pdfTeX warning (ext4): destinatio
n with the same identifier (name{figure.2}) has been already used, duplicate ig
nored
<argument> ...shipout:D \box_use:N \l_shipout_box 
                                                  \__shipout_drop_firstpage_...
l.431 
       <./CBB_files/figure-latex/exp1-avg-scores-game-1.pdf>]
<CBB_files/figure-latex/exp1-early-score-by-opp-1.pdf, id=110, 578.16pt x 289.0
8pt>
File: CBB_files/figure-latex/exp1-early-score-by-opp-1.pdf Graphic file (type p
df)
<use CBB_files/figure-latex/exp1-early-score-by-opp-1.pdf>
Package pdftex.def Info: CBB_files/figure-latex/exp1-early-score-by-opp-1.pdf  
used on input line 434.
(pdftex.def)             Requested size: 338.0pt x 168.99863pt.
[8pdfTeX warning (ext4): destination with the same identifier (name{figure.3}) 
has been already used, duplicate ignored
<argument> ...shipout:D \box_use:N \l_shipout_box 
                                                  \__shipout_drop_firstpage_...
l.465 
       <./CBB_files/figure-latex/exp1-early-score-by-opp-1.pdf>]
Overfull \hbox (2.09772pt too wide) in paragraph at lines 513--537
\OT1/cmr/m/n/10 Participants played three games: Rock-Paper-Scissors (RPS), Fir
e-Water-Grass
 []

[9]
<../Report/images/shootout.png, id=141, 1927.2pt x 1084.05pt>
File: ../Report/images/shootout.png Graphic file (type png)
<use ../Report/images/shootout.png>
Package pdftex.def Info: ../Report/images/shootout.png  used on input line 547.

(pdftex.def)             Requested size: 338.0pt x 190.12512pt.

Underfull \vbox (badness 10000) has occurred while \output is active []

[10pdfTeX warning (ext4): destination with the same identifier (name{figure.4})
 has been already used, duplicate ignored
<argument> ...shipout:D \box_use:N \l_shipout_box 
                                                  \__shipout_drop_firstpage_...
l.583 
       <../Report/images/shootout.png>]
<CBB_files/figure-latex/exp2-score-by-opp-1.pdf, id=151, 578.16pt x 289.08pt>
File: CBB_files/figure-latex/exp2-score-by-opp-1.pdf Graphic file (type pdf)
<use CBB_files/figure-latex/exp2-score-by-opp-1.pdf>
Package pdftex.def Info: CBB_files/figure-latex/exp2-score-by-opp-1.pdf  used o
n input line 606.
(pdftex.def)             Requested size: 338.0pt x 168.99863pt.
[11] [12pdfTeX warning (ext4): destination with the same identifier (name{figur
e.5}) has been already used, duplicate ignored
<argument> ...shipout:D \box_use:N \l_shipout_box 
                                                  \__shipout_drop_firstpage_...
l.660 
       <./CBB_files/figure-latex/exp2-score-by-opp-1.pdf>]
<CBB_files/figure-latex/exp2-early-score-by-opp-1.pdf, id=179, 578.16pt x 289.0
8pt>
File: CBB_files/figure-latex/exp2-early-score-by-opp-1.pdf Graphic file (type p
df)
<use CBB_files/figure-latex/exp2-early-score-by-opp-1.pdf>
Package pdftex.def Info: CBB_files/figure-latex/exp2-early-score-by-opp-1.pdf  
used on input line 663.
(pdftex.def)             Requested size: 338.0pt x 168.99863pt.

Underfull \vbox (badness 10000) has occurred while \output is active []

[13pdfTeX warning (ext4): destination with the same identifier (name{figure.6})
 has been already used, duplicate ignored
<argument> ...shipout:D \box_use:N \l_shipout_box 
                                                  \__shipout_drop_firstpage_...
l.696 
       <./CBB_files/figure-latex/exp2-early-score-by-opp-1.pdf>] [14] [15] [16]
[17]
<CBB_files/figure-latex/exp1-comp-models-1.pdf, id=226, 469.755pt x 325.215pt>
File: CBB_files/figure-latex/exp1-comp-models-1.pdf Graphic file (type pdf)
<use CBB_files/figure-latex/exp1-comp-models-1.pdf>
Package pdftex.def Info: CBB_files/figure-latex/exp1-comp-models-1.pdf  used on
 input line 911.
(pdftex.def)             Requested size: 338.0pt x 234.00078pt.
<CBB_files/figure-latex/exp2-comp-models-1.pdf, id=228, 469.755pt x 325.215pt>
File: CBB_files/figure-latex/exp2-comp-models-1.pdf Graphic file (type pdf)
<use CBB_files/figure-latex/exp2-comp-models-1.pdf>
Package pdftex.def Info: CBB_files/figure-latex/exp2-comp-models-1.pdf  used on
 input line 925.
(pdftex.def)             Requested size: 338.0pt x 234.00078pt.
[18] [19pdfTeX warning (ext4): destination with the same identifier (name{figur
e.7}) has been already used, duplicate ignored
<argument> ...shipout:D \box_use:N \l_shipout_box 
                                                  \__shipout_drop_firstpage_...
l.950 
      pdfTeX warning (ext4): destination with the same identifier (name{figure.
8}) has been already used, duplicate ignored
<argument> ...shipout:D \box_use:N \l_shipout_box 
                                                  \__shipout_drop_firstpage_...
l.950 
       <./CBB_files/figure-latex/exp1-comp-models-1.pdf> <./CBB_files/figure-la
tex/exp2-comp-models-1.pdf>]
<CBB_files/figure-latex/exp1-lik-by-tr-1.pdf, id=254, 469.755pt x 325.215pt>
File: CBB_files/figure-latex/exp1-lik-by-tr-1.pdf Graphic file (type pdf)
<use CBB_files/figure-latex/exp1-lik-by-tr-1.pdf>
Package pdftex.def Info: CBB_files/figure-latex/exp1-lik-by-tr-1.pdf  used on i
nput line 953.
(pdftex.def)             Requested size: 338.0pt x 234.00078pt.
<CBB_files/figure-latex/exp2-lik-by-tr-1.pdf, id=256, 469.755pt x 325.215pt>
File: CBB_files/figure-latex/exp2-lik-by-tr-1.pdf Graphic file (type pdf)
<use CBB_files/figure-latex/exp2-lik-by-tr-1.pdf>
Package pdftex.def Info: CBB_files/figure-latex/exp2-lik-by-tr-1.pdf  used on i
nput line 969.
(pdftex.def)             Requested size: 338.0pt x 234.00078pt.
[20pdfTeX warning (ext4): destination with the same identifier (name{figure.9})
 has been already used, duplicate ignored
<argument> ...shipout:D \box_use:N \l_shipout_box 
                                                  \__shipout_drop_firstpage_...
l.1002 
        <./CBB_files/figure-latex/exp1-lik-by-tr-1.pdf>]
<CBB_files/figure-latex/exp1-posteriors-plot-1.pdf, id=268, 469.755pt x 325.215
pt>
File: CBB_files/figure-latex/exp1-posteriors-plot-1.pdf Graphic file (type pdf)

<use CBB_files/figure-latex/exp1-posteriors-plot-1.pdf>
Package pdftex.def Info: CBB_files/figure-latex/exp1-posteriors-plot-1.pdf  use
d on input line 1005.
(pdftex.def)             Requested size: 338.0pt x 234.00078pt.
<CBB_files/figure-latex/exp2-posteriors-plot-1.pdf, id=270, 469.755pt x 325.215
pt>
File: CBB_files/figure-latex/exp2-posteriors-plot-1.pdf Graphic file (type pdf)

<use CBB_files/figure-latex/exp2-posteriors-plot-1.pdf>
Package pdftex.def Info: CBB_files/figure-latex/exp2-posteriors-plot-1.pdf  use
d on input line 1035.
(pdftex.def)             Requested size: 338.0pt x 234.00078pt.

Underfull \vbox (badness 10000) has occurred while \output is active []

[21pdfTeX warning (ext4): destination with the same identifier (name{figure.10}
) has been already used, duplicate ignored
<argument> ...shipout:D \box_use:N \l_shipout_box 
                                                  \__shipout_drop_firstpage_...
l.1040 \end{figure}
                    <./CBB_files/figure-latex/exp2-lik-by-tr-1.pdf>] [22pdfTeX 
warning (ext4): destination with the same identifier (name{figure.11}) has been
 already used, duplicate ignored
<argument> ...shipout:D \box_use:N \l_shipout_box 
                                                  \__shipout_drop_firstpage_...
l.1083 
        <./CBB_files/figure-latex/exp1-posteriors-plot-1.pdf>]
Underfull \vbox (badness 2213) has occurred while \output is active []

[23pdfTeX warning (ext4): destination with the same identifier (name{figure.12}
) has been already used, duplicate ignored
<argument> ...shipout:D \box_use:N \l_shipout_box 
                                                  \__shipout_drop_firstpage_...
l.1113 
        <./CBB_files/figure-latex/exp2-posteriors-plot-1.pdf>] [24] [25]
Overfull \hbox (1.93004pt too wide) in paragraph at lines 1237--1241
[][]\OT1/cmr/m/n/10 Costa-Gomes, Miguel, Vin-cent P Craw-ford, and Bruno Broset
a. 2001. ``Cog-
 []

[26]
Overfull \hbox (0.20044pt too wide) in paragraph at lines 1310--1313
[][]\OT1/cmr/m/n/10 ---------. 2003. ``So-phis-ti-cated Learn-ing and Learn-ing
 So-phis-ti-ca-tion.'' \OT1/cmr/m/it/10 Avail-
 []

No file CBB.bbl.
[27] (./CBB.aux)

LaTeX Font Warning: Size substitutions with differences
(Font)              up to 1.0pt have occurred.


LaTeX Warning: There were multiply-defined labels.

Package rerunfilecheck Info: File `CBB.out' has not changed.
(rerunfilecheck)             Checksum: C5B6AB62E93F0BA80EA5CA608398B276;756.
 ) 
Here is how much of TeX's memory you used:
 10783 strings out of 480559
 160935 string characters out of 5902619
 482047 words of memory out of 5000000
 28099 multiletter control sequences out of 15000+600000
 410951 words of font info for 54 fonts, out of 8000000 for 9000
 14 hyphenation exceptions out of 8191
 60i,10n,66p,420b,368s stack positions out of 5000i,500n,10000p,200000b,80000s
 </Users/mbp17/Library/TinyTeX/texmf-var/fonts/pk/ljfour/jknappen/ec/tcrm1000
.600pk></Users/mbp17/Library/TinyTeX/texmf-dist/fonts/type1/public/amsfonts/cm/
cmbsy10.pfb></Users/mbp17/Library/TinyTeX/texmf-dist/fonts/type1/public/amsfont
s/cm/cmbx10.pfb></Users/mbp17/Library/TinyTeX/texmf-dist/fonts/type1/public/ams
fonts/cm/cmbx12.pfb></Users/mbp17/Library/TinyTeX/texmf-dist/fonts/type1/public
/amsfonts/cm/cmbx8.pfb></Users/mbp17/Library/TinyTeX/texmf-dist/fonts/type1/pub
lic/amsfonts/cm/cmex10.pfb></Users/mbp17/Library/TinyTeX/texmf-dist/fonts/type1
/public/amsfonts/cm/cmmi10.pfb></Users/mbp17/Library/TinyTeX/texmf-dist/fonts/t
ype1/public/amsfonts/cm/cmmi5.pfb></Users/mbp17/Library/TinyTeX/texmf-dist/font
s/type1/public/amsfonts/cm/cmmi7.pfb></Users/mbp17/Library/TinyTeX/texmf-dist/f
onts/type1/public/amsfonts/cm/cmr10.pfb></Users/mbp17/Library/TinyTeX/texmf-dis
t/fonts/type1/public/amsfonts/cm/cmr6.pfb></Users/mbp17/Library/TinyTeX/texmf-d
ist/fonts/type1/public/amsfonts/cm/cmr7.pfb></Users/mbp17/Library/TinyTeX/texmf
-dist/fonts/type1/public/amsfonts/cm/cmr8.pfb></Users/mbp17/Library/TinyTeX/tex
mf-dist/fonts/type1/public/amsfonts/cm/cmsy10.pfb></Users/mbp17/Library/TinyTeX
/texmf-dist/fonts/type1/public/amsfonts/cm/cmsy5.pfb></Users/mbp17/Library/Tiny
TeX/texmf-dist/fonts/type1/public/amsfonts/cm/cmsy7.pfb></Users/mbp17/Library/T
inyTeX/texmf-dist/fonts/type1/public/amsfonts/cm/cmti10.pfb></Users/mbp17/Libra
ry/TinyTeX/texmf-dist/fonts/type1/public/amsfonts/cm/cmtt10.pfb></Users/mbp17/L
ibrary/TinyTeX/texmf-dist/fonts/type1/public/amsfonts/cm/cmtt8.pfb>
Output written on CBB.pdf (27 pages, 706547 bytes).
PDF statistics:
 464 PDF objects out of 1000 (max. 8388607)
 371 compressed objects within 4 object streams
 121 named destinations out of 1000 (max. 500000)
 117 words of extra memory for PDF output out of 10000 (max. 10000000)

